[14:26:38.435] [90mTRACE[39m (16839):
    session: "pVSbFTNKUu4obV6oEwNSrZEz4iHF6eOge5dqtNGAo3grax9zY2KDY5Wr7Mc4nsf5"
    direction: "Request Nuxt to Express"
    method: "POST"
    url: "/api/cleaner/image"
    body: {
      "file": {
        "size": 12020,
        "path": "/var/folders/3k/9tdztp9j37d0b8hgm4tryxm00000gn/T/upload_6bf44f6fb05e845dd70ab6e6ead34ca8",
        "name": "1.webp",
        "type": "image/webp",
        "mtime": "2023-05-10T11:26:38.434Z"
      }
    }
    headers: {
      "host": "0.0.0.0:3010",
      "connection": "keep-alive",
      "content-length": "12200",
      "pragma": "no-cache",
      "cache-control": "no-cache",
      "dnt": "1",
      "user-agent": "Mozilla/5.0 (Macintosh; Intel Mac OS X 10_15_7) AppleWebKit/537.36 (KHTML, like Gecko) Chrome/110.0.0.0 YaBrowser/23.3.3.709 Yowser/2.5 Safari/537.36",
      "session": "pVSbFTNKUu4obV6oEwNSrZEz4iHF6eOge5dqtNGAo3grax9zY2KDY5Wr7Mc4nsf5",
      "content-type": "multipart/form-data; boundary=----WebKitFormBoundaryogGQ2XvAiOTSLshE",
      "accept": "*/*",
      "origin": "http://localhost:3000",
      "referer": "http://localhost:3000/",
      "accept-encoding": "gzip, deflate",
      "accept-language": "ru,en;q=0.9"
    }
[14:26:38.439] [90mTRACE[39m (16839):
    direction: "Request Express to AI"
    method: "POST"
    url: "http://34.79.165.171:6011/api/predict"
    body: "stream from Nuxt request data"
    headers: {
      "Accept": "application/json, text/plain, */*",
      "Content-Type": "multipart/form-data; boundary=----WebKitFormBoundaryogGQ2XvAiOTSLshE"
    }
[14:26:43.054] [90mTRACE[39m (16839):
    direction: "Response AI to Express"
    headers: {
      "date": "Wed, 10 May 2023 11:26:38 GMT",
      "server": "uvicorn",
      "content-length": "17048",
      "content-type": "application/json",
      "connection": "close"
    }
    body: {
      "input": "https://storage.googleapis.com/workflow-images-164391164398-dev/23-05-10_674c69a57c3647ac859f3f6f020610f9/input.png?X-Goog-Algorithm=GOOG4-RSA-SHA256&X-Goog-Credential=164391164398-compute%40developer.gserviceaccount.com%2F20230510%2Fauto%2Fstorage%2Fgoog4_request&X-Goog-Date=20230510T112641Z&X-Goog-Expires=900&X-Goog-SignedHeaders=host&X-Goog-Signature=0d9ac84be4a97dcf699d6c9490379574e230458a02fd775ab6d3bcc27e0c86c6ca7d1cf549efba6d205ca75ead097bd6a1ef737db9cb04482e5a7a15ab25796a25d0c7330ccab59acd3f624f10e3f4541eae2187e00cfc6af3b92efa6b697fc3ff94253b97ace9302841ff62ef0b32b0d877419cdcc6d558cb30e86186345dfc554c225d3ac27be838443f18ee8f55ea064dee99e4b145e8fa16fd42ead24cec2aeb94b15323878c29f81655bfbf0fe71c2fe4057389f2be1839f895fb03d15831c448690d8409e0a4121e42514c3b552b9df843321d8cb181e3c8a858ec760ed3cf220b4fe2acf8d69a2110a33b48ee945a2b18aec848bde68ec88482cdd43a",
      "output": "https://storage.googleapis.com/workflow-images-164391164398-dev/23-05-10_674c69a57c3647ac859f3f6f020610f9/output.png?X-Goog-Algorithm=GOOG4-RSA-SHA256&X-Goog-Credential=164391164398-compute%40developer.gserviceaccount.com%2F20230510%2Fauto%2Fstorage%2Fgoog4_request&X-Goog-Date=20230510T112641Z&X-Goog-Expires=900&X-Goog-SignedHeaders=host&X-Goog-Signature=1cc05adef50239f386620113c4847b4124702d0b7aba72b28006b28e7d9108b8212e485e8cf950491baa0e8beb72d7804f476c222d9c28b0878d7a3eb14bdb2bc71ed0742ab24b97d2884bcdf12ea8dd3b8d5be53c5189416e41b3ab1cda0edf8a02bb730da171e82af5e7fe34b00e5d93fc661edf594a5a44665c7cc16e98c4a6673d319c4a6dbdef1a667cb397ff1aa6a6681af373e09abd0b8e271a8d42d862ac48e2cd1e00710b1b84d6270f2a4cbde0ad26bdc71e17078c6f1b29d49083e18722c5f14d03481105a7ba5ee18df99835e97326110244b15243f45f3521bf6de290c01ca7ad3232a3dfa76859684418337688fd75e7df30e263b668a7f603",
      "width": 375,
      "height": 250,
      "crops": [
        {
          "label": "lamp",
          "box": [
            173,
            131,
            26,
            15
          ],
          "index": 0,
          "rgb": "https://storage.googleapis.com/workflow-images-164391164398-dev/23-05-10_674c69a57c3647ac859f3f6f020610f9/rgb_0.png?X-Goog-Algorithm=GOOG4-RSA-SHA256&X-Goog-Credential=164391164398-compute%40developer.gserviceaccount.com%2F20230510%2Fauto%2Fstorage%2Fgoog4_request&X-Goog-Date=20230510T112641Z&X-Goog-Expires=900&X-Goog-SignedHeaders=host&X-Goog-Signature=a418f07c494a62c10a209682c246b1b4351e57cdfda5c8098d3fb3474d641e8305d590a5fcd91bd3adb601aefd5f854d741c75ec25d96bc86e4cae5e826ca96677f7850c0cf21e7ad3b94841233742a8f19c1241330a84355761726adaeaea51303ac7c252f60b561d4b0fb09b4a4c5ca485d33b9a6a57184275064e552c520f0d43dac56e570b1fc0cb08a0830b14a1fc9a07af5afff4f92e045a1ebf16eecfa28943bc81e94145e052fd83158a8afce0b2f4dc0c2dd454e1c739bd008cd48b3410896e28a3cd4a1be576eaa359391ecd84480217cf37ec426dcd3790b66efbc4ac05f21ef48e90c7159988666d9c16d05f01eeb6fd449c6602de07cbcbf36f",
          "rgba": "https://storage.googleapis.com/workflow-images-164391164398-dev/23-05-10_674c69a57c3647ac859f3f6f020610f9/rgba_0.png?X-Goog-Algorithm=GOOG4-RSA-SHA256&X-Goog-Credential=164391164398-compute%40developer.gserviceaccount.com%2F20230510%2Fauto%2Fstorage%2Fgoog4_request&X-Goog-Date=20230510T112641Z&X-Goog-Expires=900&X-Goog-SignedHeaders=host&X-Goog-Signature=61ef3e55b334be4eb8ad50c951e3e91b8c18c028a64d76667488f744287636a2c8b0b48cc8083c0b6553a69f23b3d14fc7593da2ba3dfa00573b19562315ad814e92e691c59aa20dee6a22a337e85195aac752087cd6f3e932278f05b572dd73cd7da4b07c0610e217ca9068b1ccc4dbe3e3a3415f31eb89a3f90ee0bc2a8d1a4f1442cbc82f7129468e5402ced33b18b1867cce1850b209cfe15740236e546bf4d2dd890036c7da0e03f67bb02139c5c1b82d1986ef68ecd527442bbc3b877e2893e8471da7716815a3d644cb2e576328a8e5f13ebf44353ad491a9d569a8c3bdc118742f6a3c4a265daf3bba5b84bd7b152447a205a1fb5fa8cd77522cde0e",
          "intersections": [],
          "contour": [
            [
              25,
              0
            ],
            [
              25,
              14
            ],
            [
              0,
              14
            ],
            [
              0,
              0
            ]
          ]
        },
        {
          "label": "lamp",
          "box": [
            32,
            61,
            35,
            53
          ],
          "index": 1,
          "rgb": "https://storage.googleapis.com/workflow-images-164391164398-dev/23-05-10_674c69a57c3647ac859f3f6f020610f9/rgb_1.png?X-Goog-Algorithm=GOOG4-RSA-SHA256&X-Goog-Credential=164391164398-compute%40developer.gserviceaccount.com%2F20230510%2Fauto%2Fstorage%2Fgoog4_request&X-Goog-Date=20230510T112641Z&X-Goog-Expires=900&X-Goog-SignedHeaders=host&X-Goog-Signature=7f4f1e2abe29840798d844bcec1cf92286dbfcd5c482b8abb1c174d642e8fd78fbe26b375ba4d1ea9b756c718895d470d39d3b31b4a9009fc467dfa37dcba872b1b911cbed92e23124b2be0ac94b7216c650b444219f2ac0b4e6f285563ff1a80a5c987237ce7d36bcb377ab49e5aa3731b723ca8b5c00265e17d10db808bbfb0fbe2207d575170302b011db0f7c9a1cf5c1c8452f6612d04ff7fed5dc92ea5161bff3f97584eb70fc90ee2f3e09199326a4f6c33bf233b5115eaf07d41c4eb2bbc4a00ad36c03fdcbb6038cbefdbbf4d4f0499feb0708b22de621cd36befb29dcded384819fbc0e9f1ccea1f1220e854dbf0dc75163d9d3d8f7ce6a6bb0c713",
          "rgba": "https://storage.googleapis.com/workflow-images-164391164398-dev/23-05-10_674c69a57c3647ac859f3f6f020610f9/rgba_1.png?X-Goog-Algorithm=GOOG4-RSA-SHA256&X-Goog-Credential=164391164398-compute%40developer.gserviceaccount.com%2F20230510%2Fauto%2Fstorage%2Fgoog4_request&X-Goog-Date=20230510T112641Z&X-Goog-Expires=900&X-Goog-SignedHeaders=host&X-Goog-Signature=625ee1e45797d93d3b877b7e1921a57ce77021fd4a3a03a4fec3ee2a287ed4555d2a2a14b9d01039a056ce5c5c9d0c54af3d39e95b4e0bf1c436c7742f1eef069b4f8653d1cb2deac0ec0539e6432e3e8cc1612316fa9ca84268786af6a113edd39623ceae88d6465f9246605d21bc7add8b9bd1b6acecccda7b9e6b23e6dac17f70be86eebdcbd960c823c404c4d09bd2b0b0d9f0d3c74b09799ac9c949b10ff879ab1c34bf63b4a935a290f00366cc57b6401eae0b68bd9e074347e6be7a890deb559e56036812bded2775475c27263400272747039ccfcab285f4bc53e583ecaceb6bf144bc82287ccfa0dc1342e69ac7a4ffc775cc2db46b1ed5f084f255",
          "intersections": [],
          "contour": [
            [
              6,
              40
            ],
            [
              7,
              41
            ],
            [
              9,
              46
            ],
            [
              9,
              50
            ],
            [
              8,
              51
            ],
            [
              0,
              51
            ],
            [
              0,
              41
            ],
            [
              1,
              40
            ]
          ]
        },
        {
          "label": "television",
          "box": [
            216,
            106,
            50,
            39
          ],
          "index": 2,
          "rgb": "https://storage.googleapis.com/workflow-images-164391164398-dev/23-05-10_674c69a57c3647ac859f3f6f020610f9/rgb_2.png?X-Goog-Algorithm=GOOG4-RSA-SHA256&X-Goog-Credential=164391164398-compute%40developer.gserviceaccount.com%2F20230510%2Fauto%2Fstorage%2Fgoog4_request&X-Goog-Date=20230510T112641Z&X-Goog-Expires=900&X-Goog-SignedHeaders=host&X-Goog-Signature=196c070f51cf36308d7aba6b46ab64c7b56f91212c50b56c6c1c6724f6527a11b56219b5f35befc9585b9996ee31f929baeda9035c019a9c48f43a01324cca18e09a9f4779610f2794fefc9508314fc5a97ce11ed3e45e40dc5a164108b8e82850268444674fb69e4e64f63ef2e737003623dbaee534d3aa32d4a9715a9b1b6b835c19d5e6e44d2e69a3014a55b63868b057fbfb45989a311c2917d1ff6878b111b990efd2af5a0b28aac1556edebfa6fbffebffc63e1e2b50c22016718e90563bd56f756a154dffb7e98603854a596176afd455009a74008389787119d6cb49ac9bcdbaa6a4d178d1b1e0817635d9522c776717935486ba8ce6b3898fa4d9bf",
          "rgba": "https://storage.googleapis.com/workflow-images-164391164398-dev/23-05-10_674c69a57c3647ac859f3f6f020610f9/rgba_2.png?X-Goog-Algorithm=GOOG4-RSA-SHA256&X-Goog-Credential=164391164398-compute%40developer.gserviceaccount.com%2F20230510%2Fauto%2Fstorage%2Fgoog4_request&X-Goog-Date=20230510T112641Z&X-Goog-Expires=900&X-Goog-SignedHeaders=host&X-Goog-Signature=062e87219ea8089fce4dd882ca24c7e522cc14245c78dba8b16d7667f1e1892eee6c72d09be12dc821ab79f9f8ded9d0cb502cd96f370c9e9bafee695b75c96d845b578a6943e9cd015d9c042176477d54d8a4a26734e5d56f5020caf33a5146f50f20564f21d6bfb6e8401f555088a610d7c4265da159d63d924f49e231cd6cc1edb06e7b8cfc51893392eb267a1dabf3d78bfd6400f9cfc35e201c675e86ceca7e53945083012326612ef4af1bd16547553e13415c2f7fedc47c7ac9c9c18d8e6c72c177c554b72812186a15bf257f236a678eb55251b504e7220830e92df53315d5ccf91777ab74ba25ed9c4b3e95a8c5d77be2a0766726e0b0a4c38f2756",
          "intersections": [],
          "contour": [
            [
              49,
              0
            ],
            [
              49,
              38
            ],
            [
              5,
              38
            ],
            [
              0,
              37
            ],
            [
              0,
              0
            ]
          ]
        },
        {
          "label": "chair",
          "box": [
            75,
            136,
            18,
            25
          ],
          "index": 3,
          "rgb": "https://storage.googleapis.com/workflow-images-164391164398-dev/23-05-10_674c69a57c3647ac859f3f6f020610f9/rgb_3.png?X-Goog-Algorithm=GOOG4-RSA-SHA256&X-Goog-Credential=164391164398-compute%40developer.gserviceaccount.com%2F20230510%2Fauto%2Fstorage%2Fgoog4_request&X-Goog-Date=20230510T112642Z&X-Goog-Expires=900&X-Goog-SignedHeaders=host&X-Goog-Signature=1216135c7cb95ea8a51d93e0b6396db68992376fdb79c6ce997684aa19b85613755e85b2dfa81e1916a2e82b2c047d4eec290627c729b974f35b7fd7f28cc8c48dd685f1d982632d28c5c6ec8634a3bb6d103d1bfe7745e237b736143307cedbc7e9b0f126f63c4dde726f1bcf1bb063c119ef2168fcff60dd4fea4dfd408f320f5d7f33f54c6a5b959e5c6f8dc70ce4650670087030149f6962dbf6303b23b8fca621d38098e2aaf3189aeb8754c64973ffa3eaa77d7584db4609fadac73d4f450f0e1ceaa9d37c762c60bd95a827b7ee2db07a47b8943bb0781d7db15d01b4da9c7ce4aef0dbadbaf08d98ec0e0df155e8236eb75ca89675d037ffb147d117",
          "rgba": "https://storage.googleapis.com/workflow-images-164391164398-dev/23-05-10_674c69a57c3647ac859f3f6f020610f9/rgba_3.png?X-Goog-Algorithm=GOOG4-RSA-SHA256&X-Goog-Credential=164391164398-compute%40developer.gserviceaccount.com%2F20230510%2Fauto%2Fstorage%2Fgoog4_request&X-Goog-Date=20230510T112642Z&X-Goog-Expires=900&X-Goog-SignedHeaders=host&X-Goog-Signature=62d5f95a18e1fee16f14b182bc1de9ee2f2cd8b723f72a665f2f526fccc27268ce3db6c69ff565ebc5063ef0a4ee15b558804be79d7064983992b2a61a4a2bc22c613d6097f127b732a2f3b086672f942acce6ab370eb70335d9ec1c2085aa959cbbb74202d5fbe92b0629ceedcf0cf4d50c990dc7757db0c1cda41a6ea9b25235885cafc6fce25a7b348f0a67630bae676f132bbcd3423cd6cd298720ef16dc6641d3b06135a4c07739bdcd9f38b497869badd0e44585152baa17298daefdaa78a56eb19dd4e532ddbd3f009225d01ab409ce70c3b4dbc6330b565b98e2aa62a08f3d81dc45f0db321e9773195cf735a668454546b6283156ba6276693708db",
          "intersections": [],
          "contour": [
            [
              17,
              0
            ],
            [
              17,
              24
            ],
            [
              0,
              24
            ],
            [
              0,
              2
            ],
            [
              1,
              0
            ]
          ]
        },
        {
          "label": "chair",
          "box": [
            48,
            135,
            21,
            18
          ],
          "index": 4,
          "rgb": "https://storage.googleapis.com/workflow-images-164391164398-dev/23-05-10_674c69a57c3647ac859f3f6f020610f9/rgb_4.png?X-Goog-Algorithm=GOOG4-RSA-SHA256&X-Goog-Credential=164391164398-compute%40developer.gserviceaccount.com%2F20230510%2Fauto%2Fstorage%2Fgoog4_request&X-Goog-Date=20230510T112642Z&X-Goog-Expires=900&X-Goog-SignedHeaders=host&X-Goog-Signature=5faa4e00271db570d67665da573d8f23bd2c736836e557bb5b61da4459db9d4a12bd5e97b3da1c96f2d8ae29fc71fe2f33923e240791b10038f2a480807d0b9a7821b89ef8319d00ad5a442db74c5d5a143a0ebdf135104c1c4228c41bea5fcfece0bbd428b4de527a4acf522ae7de6f66be22acc0d552e05cf0eb2276a85ca2cedaa1898302a4ddff3cc5ed9f49b8b9fc5e9704f3c7cff7e61c59a5fdb6d59feb93a70dbf32a812c71924984c0da799d3cb338a67f0ff0c4047235b11102ae41372b08541f89a67cd939e01aa32b30dfe01dd7148d1b01fc0d44f683a63bbbfdb5274980715fc9c6934ec25d3d355be3336415a572cb68d8bb1d6dc1a469f81",
          "rgba": "https://storage.googleapis.com/workflow-images-164391164398-dev/23-05-10_674c69a57c3647ac859f3f6f020610f9/rgba_4.png?X-Goog-Algorithm=GOOG4-RSA-SHA256&X-Goog-Credential=164391164398-compute%40developer.gserviceaccount.com%2F20230510%2Fauto%2Fstorage%2Fgoog4_request&X-Goog-Date=20230510T112642Z&X-Goog-Expires=900&X-Goog-SignedHeaders=host&X-Goog-Signature=77218b63fc15b11c77e8a0d5c10ac583453ce9aa99463e401e41fc334cac4e3f498ba56bb06d1f7d914c8d76b308ff5ff307668a6d5239a1d287ce95a079bcdaf482ae9f6fe9cc1f02a49c2d06e6f018c2b82653884998cce389b5504b5ebd8766d06618845868d9c43328dbf4d269d716b582bcf0f7e0f517eed058889179b06f6c2b3d5583970e71ab3102bc9aa1df3c63098522f833678264afcfe17c4dfc36a594da29d21c124e12d06bb386300b98f3c4e974dcb55d358bf7e161aae87a2089474954224a846cfa5f32dc920e406a726cfc86d86eb5f62346d76b0d5f8f82b7075d6b2d8ede7a7fb9872d5c4d7468fd000fc8bd50ead51694954df953a2",
          "intersections": [
            [
              6,
              0
            ]
          ],
          "contour": [
            [
              19,
              0
            ],
            [
              20,
              1
            ],
            [
              20,
              17
            ],
            [
              0,
              17
            ],
            [
              0,
              0
            ]
          ]
        },
        {
          "label": "sofa",
          "box": [
            103,
            150,
            190,
            100
          ],
          "index": 5,
          "rgb": "https://storage.googleapis.com/workflow-images-164391164398-dev/23-05-10_674c69a57c3647ac859f3f6f020610f9/rgb_5.png?X-Goog-Algorithm=GOOG4-RSA-SHA256&X-Goog-Credential=164391164398-compute%40developer.gserviceaccount.com%2F20230510%2Fauto%2Fstorage%2Fgoog4_request&X-Goog-Date=20230510T112642Z&X-Goog-Expires=900&X-Goog-SignedHeaders=host&X-Goog-Signature=9cb1339273287d63613982605e1dcbfed294437856225e92b2ee0cd3aabf63d1d0a61973f43e44260c38e2c51c55744fa21b455e1680ca388c7c107bd578bb307fe561252411227d4eb7adf672b768631f4b86806663ca69f5b425d281622424fada9d491e09be2f0ccd49015826c466466f81c35242351e75c9872928b6e5adbdaa0ae68fa60170d600792e2423f7d9368ae7e8e2690d5b30b3af95a3eb16ed414cdb6f3002a97ce2887bb4a4359dee96f7499121a98373d5bddb3051f82c868ecfd97a56bf1d328abe4a45e9d2c9ab9f5bd49281793eaac84f1d40bdb5c121b2e18c93ce3a675b978e1ceb4870370a12e9ead514542969af7076e6c9997fb4",
          "rgba": "https://storage.googleapis.com/workflow-images-164391164398-dev/23-05-10_674c69a57c3647ac859f3f6f020610f9/rgba_5.png?X-Goog-Algorithm=GOOG4-RSA-SHA256&X-Goog-Credential=164391164398-compute%40developer.gserviceaccount.com%2F20230510%2Fauto%2Fstorage%2Fgoog4_request&X-Goog-Date=20230510T112642Z&X-Goog-Expires=900&X-Goog-SignedHeaders=host&X-Goog-Signature=247d4813965444fea6bfe0a695e576116ec265e321c11a4684b5a7ec49df0851efd14a52f4159bee8a46fe36f950408104c370ffa13722c6dbf0080f721c3cc5c7ae71216a1257b88ccd6796ac8eb49cb4634c15cc58b7e696b4f88b83390423405bfa0b19aeeb4d2daa1ee234ee0ded0572c8d69fe9968a24d94e01aae98e0a6dc32ffd9bdbb2bf3b8481756a79c4ff2ebf2a5f04e330e4f303a153bc46fefea8cab6326a528b60432131faa4136704297e996ecc07c46556426d931d4c754377a030c685bff12a533e4a60452a03bb0a8a34240ec5bcf96dd5eafcf5fa30087181db37946a12e82ee8a947425cf97b131a95264974c4f24c3995a6c142b1d6",
          "intersections": [],
          "contour": [
            [
              32,
              0
            ],
            [
              82,
              5
            ],
            [
              170,
              26
            ],
            [
              174,
              27
            ],
            [
              181,
              29
            ],
            [
              187,
              31
            ],
            [
              189,
              32
            ],
            [
              189,
              59
            ],
            [
              187,
              61
            ],
            [
              111,
              99
            ],
            [
              77,
              99
            ],
            [
              65,
              90
            ],
            [
              56,
              83
            ],
            [
              50,
              78
            ],
            [
              0,
              32
            ],
            [
              0,
              11
            ],
            [
              1,
              5
            ],
            [
              4,
              1
            ],
            [
              5,
              0
            ]
          ]
        },
        {
          "label": "desk",
          "box": [
            0,
            146,
            98,
            104
          ],
          "index": 6,
          "rgb": "https://storage.googleapis.com/workflow-images-164391164398-dev/23-05-10_674c69a57c3647ac859f3f6f020610f9/rgb_6.png?X-Goog-Algorithm=GOOG4-RSA-SHA256&X-Goog-Credential=164391164398-compute%40developer.gserviceaccount.com%2F20230510%2Fauto%2Fstorage%2Fgoog4_request&X-Goog-Date=20230510T112642Z&X-Goog-Expires=900&X-Goog-SignedHeaders=host&X-Goog-Signature=9d8fcb57f115edb33c0a5d75a004bb026762d888eb48ab84d8373b36e9989c4e5d8296a71313a569c580f09e14dc07ea5e526b6fd9768c52081784381f55366e3ac045919e8def1651a927885f18e8b238c6a41f50333efbce162922321ef9fe6e2fc0d6d7cc23911eb2ed872bc3661d587d40d4ec19ab557338cf5dd197f6e5d5a708466a4e27d402eb865c0cc985538eb0b312b6e4844f0c5e2019e1af82503eb88a07b24545d1bc5ffd341bf7823b593e346b093fbab5fa3cb72ecdae4da6b5dee106366ee16be06cbf9e2abe7f9f79fb0e939c7a0073ac20ac20320cd273a872ec22ad786897d97f80d4b7ae136e19426ffaad891791b8757f09558c9574",
          "rgba": "https://storage.googleapis.com/workflow-images-164391164398-dev/23-05-10_674c69a57c3647ac859f3f6f020610f9/rgba_6.png?X-Goog-Algorithm=GOOG4-RSA-SHA256&X-Goog-Credential=164391164398-compute%40developer.gserviceaccount.com%2F20230510%2Fauto%2Fstorage%2Fgoog4_request&X-Goog-Date=20230510T112642Z&X-Goog-Expires=900&X-Goog-SignedHeaders=host&X-Goog-Signature=a97d2c27e61a8eae681164986f793ce8dda220db0cea7dd83b61345a538b320be8784d3504efbafbd29e08ff3109fdea7514fc05d6221a774b931cbb8dbcd7f403f49ea29d0f2c2bcf9487e66cb7a4bafed64a4ae7ab93ec57d41df8155c00c6bc3180f1e85a5c82ad8d6b838a324e19038369c6ccf87fa1e738878b8600a3b526a4818f6504c855352b16183d8bcb94188ba4ccb62f32c6a963275c2f0a5bc32447059fe35e891943b16b0cfeedcba96d025b333fc78e7cea8e2f0a6b34665f99517959e6415d84ffe20a1b7d25bff8009e7592a600af7df0628f15390a5c958b70454b22a313dbf9aeda88b3d46bcd5ec38fe78feee01a74151b190b5d6093",
          "intersections": [
            [
              4,
              1
            ]
          ],
          "contour": [
            [
              61,
              0
            ],
            [
              63,
              1
            ],
            [
              70,
              6
            ],
            [
              96,
              27
            ],
            [
              97,
              28
            ],
            [
              97,
              54
            ],
            [
              77,
              90
            ],
            [
              67,
              103
            ],
            [
              0,
              103
            ],
            [
              0,
              0
            ]
          ]
        },
        {
          "label": "column",
          "box": [
            364,
            0,
            11,
            250
          ],
          "index": 7,
          "rgb": "https://storage.googleapis.com/workflow-images-164391164398-dev/23-05-10_674c69a57c3647ac859f3f6f020610f9/rgb_7.png?X-Goog-Algorithm=GOOG4-RSA-SHA256&X-Goog-Credential=164391164398-compute%40developer.gserviceaccount.com%2F20230510%2Fauto%2Fstorage%2Fgoog4_request&X-Goog-Date=20230510T112642Z&X-Goog-Expires=900&X-Goog-SignedHeaders=host&X-Goog-Signature=893e07dedf44a417da0b0cc484eb06b874631cd494ba210234e225116db26a3cb34c803301a53cba516189eb0b366a85088ac87e1ddefa9bceee877dbc34f9a2a3681b088c8023b3d1eae3a71109e103c43063dadab887a29efb3753b9b61eb3ba97e49c4feaa18910d85fd1f9f98c60dddbff4af434e90b8644af7b73232f9c3ccd8ecc121379161dbbff1260affd4d95b6201b5acc3474788de2755691da6fd94d89bd2fed387b2fc3d43fa2f90ac5e5dcb7a23172699d93b4f5b22cb63de99c752ea67b9bfe54421842b0bf35260887c316ff55d12e39ffb64c6548a30b76a82a9103a3d06f709ccb3a914afaf552de6fe00ca86ccb450905a4ad39fd8ca9",
          "rgba": "https://storage.googleapis.com/workflow-images-164391164398-dev/23-05-10_674c69a57c3647ac859f3f6f020610f9/rgba_7.png?X-Goog-Algorithm=GOOG4-RSA-SHA256&X-Goog-Credential=164391164398-compute%40developer.gserviceaccount.com%2F20230510%2Fauto%2Fstorage%2Fgoog4_request&X-Goog-Date=20230510T112642Z&X-Goog-Expires=900&X-Goog-SignedHeaders=host&X-Goog-Signature=98bf3e3dc6dc2d7969befb8164e2cfe23517cc665d4cd526057db8d435b7916b8f06160e42a4ce5eff4a176820e6dde808fc02cdc4dabaae158b11ac016257a90b51189322858d4eb0dc5801eeeeafb5483bd2e79188ecb0380c7fc699e04ae88ae0bd2c3ed7ed80b0bd633d5ec213371bfe0de3c047e7c76681c346df07aa0db15dd71f810f87133e58a335aa1867c5aa9ce0cc6295f28067db294bc6178e73ded196bd83722a3843a89b6b43f082a33344ef6d11e088e1cb7f25c7595bd0676f3c747e4023d73e12d57d7db17251f920c73e100f1ce3fafddf24fd6adf1e638b626af0bc05da4fff1e6dd400acfda0abb125d4a7415933a919c0f0fa93ef66",
          "intersections": [],
          "contour": [
            [
              10,
              0
            ],
            [
              10,
              249
            ],
            [
              0,
              249
            ],
            [
              0,
              0
            ]
          ]
        }
      ],
      "times": {
        "Depth": "0.00",
        "OneFormer": "1.59",
        "MainLaMA": "0.00",
        "Intersections": "0.00",
        "CropsLaMA": "0.62"
      }
    }
[14:26:43.063] [90mTRACE[39m (16839):
    direction: "Response Express to Nuxt"
    status: 200
    body: "stream from AI response data"
{"level":"TRACE","time":1683724549312,"pid":20345,"hostname":"m1","session":"aWLCjY15fMr1RMraO4W0n5Cmnov40mo8DO3Vm160KPyWzpSUQc35AltCrW6N-WH6","direction":"Request Nuxt to Express","method":"POST","url":"/api/cleaner/image","body":{"file":{"size":12020,"path":"/var/folders/3k/9tdztp9j37d0b8hgm4tryxm00000gn/T/upload_ba377d005170b7ce100bc8dca37033d8","name":"1.webp","type":"image/webp","mtime":"2023-05-10T13:15:49.312Z"}},"headers":{"host":"0.0.0.0:3010","connection":"keep-alive","content-length":"12200","pragma":"no-cache","cache-control":"no-cache","dnt":"1","user-agent":"Mozilla/5.0 (Macintosh; Intel Mac OS X 10_15_7) AppleWebKit/537.36 (KHTML, like Gecko) Chrome/110.0.0.0 YaBrowser/23.3.3.709 Yowser/2.5 Safari/537.36","session":"aWLCjY15fMr1RMraO4W0n5Cmnov40mo8DO3Vm160KPyWzpSUQc35AltCrW6N-WH6","content-type":"multipart/form-data; boundary=----WebKitFormBoundaryfOZyVoSmygXRa8uP","accept":"*/*","origin":"http://localhost:3000","referer":"http://localhost:3000/","accept-encoding":"gzip, deflate","accept-language":"ru,en;q=0.9"}}
{"level":"TRACE","time":1683724549315,"pid":20345,"hostname":"m1","direction":"Request Express to AI","method":"POST","url":"http://34.79.165.171:6011/api/predict","body":"stream from Nuxt request data","headers":{"Accept":"application/json, text/plain, */*","Content-Type":"multipart/form-data; boundary=----WebKitFormBoundaryfOZyVoSmygXRa8uP"}}
{"level":"TRACE","time":1683724553794,"pid":20345,"hostname":"m1","direction":"Response AI to Express","headers":{"date":"Wed, 10 May 2023 13:15:49 GMT","server":"uvicorn","content-length":"17048","content-type":"application/json","connection":"close"},"body":{"input":"https://storage.googleapis.com/workflow-images-164391164398-dev/23-05-10_2deb1d1ba5514c2aa256f84bf85cd55a/input.png?X-Goog-Algorithm=GOOG4-RSA-SHA256&X-Goog-Credential=164391164398-compute%40developer.gserviceaccount.com%2F20230510%2Fauto%2Fstorage%2Fgoog4_request&X-Goog-Date=20230510T131552Z&X-Goog-Expires=900&X-Goog-SignedHeaders=host&X-Goog-Signature=0f9c0b8bcf5abeec5d9bfcae07c6d937b758c79bef2fd9996ad057d10c8c2033b7b78115d7e0294120970f9ff5bc533075d4393c76a61a37d3748ba78fd6112b80c72c6c0ee3f5df19c575c71b649480ed99393f2b60274222ee864395f279dc38e6f3336f0674a394560a2192bc2db9e89007e3732188ba158b9e8fffc11d072e48a12cbc323a512e46e2a113508e936efd0781f55960c180cd6276652b93c3d49b1735bc53537b111c47acfd1ca64f3e04506676dbb2f91e134c41cb1c5e1f7483b8814d8f4f8ef9dbf73617ee86e2c8fec472fc1460826ad53add089cf90e3a9ab2f12ef218d2373cfc5e4b2c6fe530384bcc418382b19477df7ecf75e632","output":"https://storage.googleapis.com/workflow-images-164391164398-dev/23-05-10_2deb1d1ba5514c2aa256f84bf85cd55a/output.png?X-Goog-Algorithm=GOOG4-RSA-SHA256&X-Goog-Credential=164391164398-compute%40developer.gserviceaccount.com%2F20230510%2Fauto%2Fstorage%2Fgoog4_request&X-Goog-Date=20230510T131552Z&X-Goog-Expires=900&X-Goog-SignedHeaders=host&X-Goog-Signature=8a9f78b15e79f7a7548558ba94440d183b7b19bc2419e15a77a784dd074ee0526fb9fff0dfd141c71b3e1963287323ff26b85f540dce2c78e1a06cb260d04d3bd14a13ad2c3630decb8846d6782606956ba405548bfb206a4de9103538a378308ff9cbb39cfa5a9101231c6c3aa71fe4b19f2f8feb4b60e542ac5e84c80f8e10f67144f7b7bfde6498dff15eea8b3555e437baacc1135b8c9997d5f4ecdf4d59dffba19c660a9866ed1ff27f4747582a09d9b476bc07562814ab4f1bc2eadced4785f453fe9ec8a4803b0bba8f058a4678c7c0dabfb27b6d836f0e7fc5fc81a7e79670e59b9f6d108fef582c6460e6b2ed4f5e9516dc55ff51a0a6441dad55cc","width":375,"height":250,"crops":[{"label":"lamp","box":[173,131,26,15],"index":0,"rgb":"https://storage.googleapis.com/workflow-images-164391164398-dev/23-05-10_2deb1d1ba5514c2aa256f84bf85cd55a/rgb_0.png?X-Goog-Algorithm=GOOG4-RSA-SHA256&X-Goog-Credential=164391164398-compute%40developer.gserviceaccount.com%2F20230510%2Fauto%2Fstorage%2Fgoog4_request&X-Goog-Date=20230510T131552Z&X-Goog-Expires=900&X-Goog-SignedHeaders=host&X-Goog-Signature=745761b488c16a4a38976f0e60352c74eb294acd7d86af15f6adbfc6eb8ca75feec9da4b326a76bb25fefe046a4b0739ee3ede9a634db77f5791b53dfef64ab71f06eddd66c56a1d1a162cabd0e5e260dde9395672cfc365fe95be11e19393324fc69f97be36cafe7e75292d925aea590fce320c4eb137c61044d3c2e4b06accbf748d3a58f7d951b954bc5f5af9fc295e4e6ea5e958bb6df70a9c848ba4a456407f47d143fb1729fb118b568b1b1baa8ced8c71cd4dd0026ddf2920388d2355bf885a47c2539d8096aa0d1c1a20dbb8e570a9b512c2933b40822cfdfbbeb51dc1f7eff28894c69f7a300af1a3d764b66ef0c8b91cf6c4fb628104ea41065b3e","rgba":"https://storage.googleapis.com/workflow-images-164391164398-dev/23-05-10_2deb1d1ba5514c2aa256f84bf85cd55a/rgba_0.png?X-Goog-Algorithm=GOOG4-RSA-SHA256&X-Goog-Credential=164391164398-compute%40developer.gserviceaccount.com%2F20230510%2Fauto%2Fstorage%2Fgoog4_request&X-Goog-Date=20230510T131552Z&X-Goog-Expires=900&X-Goog-SignedHeaders=host&X-Goog-Signature=07a4c81001e0416d76ecaeb312b8f488d2697d7f9bcd17a67976af5ecf3a9019de94eb4440e864890ffe72ed83ce3d97b34399b94f2125a098c37c19e170ab7ae47d14deafaf5291a837a39948b7959c0b0f2399497d92f9560762ca8c3a8994dc627bd69c16fab75a1bd8089e83d5492b89eba4e7d75da8b03c073969ed07aa1631a97fa92e71cfafc5443d57c227abf47838b0ae3970d573238b70a4052c5dc7517794782e16b5bcade8592fe01b513e277283e305199c050ff0486ecd5e7178f3cbc674b67443443eaf99573ff31740471dae8bed048ff46c5bf0b9c48f264997776b2821cf9767658a9d16a3430b4925153fcba8f94846487f3696a36163","intersections":[],"contour":[[25,0],[25,14],[0,14],[0,0]]},{"label":"lamp","box":[32,61,35,53],"index":1,"rgb":"https://storage.googleapis.com/workflow-images-164391164398-dev/23-05-10_2deb1d1ba5514c2aa256f84bf85cd55a/rgb_1.png?X-Goog-Algorithm=GOOG4-RSA-SHA256&X-Goog-Credential=164391164398-compute%40developer.gserviceaccount.com%2F20230510%2Fauto%2Fstorage%2Fgoog4_request&X-Goog-Date=20230510T131552Z&X-Goog-Expires=900&X-Goog-SignedHeaders=host&X-Goog-Signature=0452746b427102f1e7e89877eaaa499c88382ad217c1b648593f57b1007a706ab0489c7000a0026c634bab2e47b65fdec6c357447144e9a1c0168cffba4cd5948b7aba02c96e065282d27b0bb58fcfa66b68870333d12e94378801023b6d06505f385456316560abf41c88d2ca429335472899fdd7df6a2c42eff28caccee1beed69f989e1efc0a32ebb15cdba2633d6f5a129803f6a491a496c39bb3d4c6b10dfc5512106981a624616b839f0b29f975af378377d915a0a9e0769118552e8dd22e0cbb05fa3e64274d1c1fc739f02d3e5acddd3cdc5ada8a29baae2db6914d617cf06105e16dfda8fe4178d42538b716cb09122469deb7c73d9f7927e87cd3b","rgba":"https://storage.googleapis.com/workflow-images-164391164398-dev/23-05-10_2deb1d1ba5514c2aa256f84bf85cd55a/rgba_1.png?X-Goog-Algorithm=GOOG4-RSA-SHA256&X-Goog-Credential=164391164398-compute%40developer.gserviceaccount.com%2F20230510%2Fauto%2Fstorage%2Fgoog4_request&X-Goog-Date=20230510T131552Z&X-Goog-Expires=900&X-Goog-SignedHeaders=host&X-Goog-Signature=915748eea03c3f60f1000a4144fc8566cb0fc908b4994c3da189a5cbe8e19c4c68ba8815987d6f17cc7a062740d770b88c9efd11aa89988dfb6ed1c941170a0ed2a07f39a012de94fa35194871716579745133b20dd36b002dda50ccf7820225dca15621447134d3fb5bbdebd0c63bd8d06a59aa68c46e0bbe5e66f085feca6c5ea4ca7c3848dc30bba8ab3464c39270c82396afbf187704849357fb2111025c7b3df501101c2e95a1e173b5894003c7f907d9b7ae1b949e34e49ae82e2efbedfbe0b2394ff676b35d428983b51992ce61c54e156f7b36d84850cf3be992c1b2b75ddbcbf63a62e217fe6309b01d5fd2ebcc9867508fcc68090a5f12c71d30fa","intersections":[],"contour":[[6,40],[7,41],[9,46],[9,50],[8,51],[0,51],[0,41],[1,40]]},{"label":"television","box":[216,106,50,39],"index":2,"rgb":"https://storage.googleapis.com/workflow-images-164391164398-dev/23-05-10_2deb1d1ba5514c2aa256f84bf85cd55a/rgb_2.png?X-Goog-Algorithm=GOOG4-RSA-SHA256&X-Goog-Credential=164391164398-compute%40developer.gserviceaccount.com%2F20230510%2Fauto%2Fstorage%2Fgoog4_request&X-Goog-Date=20230510T131552Z&X-Goog-Expires=900&X-Goog-SignedHeaders=host&X-Goog-Signature=6d17382b634b28f9dc8dd6d953ccab4a56987000dec6cccf42487a239bf4a38377edbe298a636a750edc36b9729bdeab9fe4eff19859a053743e4344c577f360b9aeb85e27d3f9fe40cd2ca105df90cd561da4fa331fba9bd6f6860f80e94ea4834bba8b73fee8bf4d08712e5a712d78b057d042a75d94cc27f5b608789fa70a4d63cd39bd3d920c3eeeb0ac65b0ccdc4268157a207f773a55defde5796033ebebbf3a72c349745c5b3d69ce21451d7b41e335f89b452ee037b4bd56bddfdcf453a885d6a24639c1152b3df7569b17cf2c671a2b0e4d83e4685afa081025bb85ec5b077b02f0cb9f42fe1f69460ff5b17b23d623c21ff9d313c6fb795f0a96e6","rgba":"https://storage.googleapis.com/workflow-images-164391164398-dev/23-05-10_2deb1d1ba5514c2aa256f84bf85cd55a/rgba_2.png?X-Goog-Algorithm=GOOG4-RSA-SHA256&X-Goog-Credential=164391164398-compute%40developer.gserviceaccount.com%2F20230510%2Fauto%2Fstorage%2Fgoog4_request&X-Goog-Date=20230510T131553Z&X-Goog-Expires=900&X-Goog-SignedHeaders=host&X-Goog-Signature=758cd9128635eed0addb16b5bbc5eee60f76706c3a04dedb89ce1020e9b6dd818bb837245c71bf1563d7634ccf4971614555e3bfabdfe883839c3bca3f3575cc348958b0fe414d1e02aaa2debc8bf96a72c493f4e282e0b728f30eaa3cf1c8d4f65f97be0a9e0e197011bebc36402a4d4932223ed2da8dbaa612aec6f20e8eb0505de69d4acefa806cef01a238d234ee7574d17f89c00b5b961c18699c9c8f1dd03c8b71869963af92efe70566a9755573103f98d84ddba7b7c4d0d3ac93a735c50422db5abcbaefd484a47bf26289ad247117ea90e490b804d0257a8c20cbc55edd5f11adfbc1cadd3215b5db3299206c5520d617fc34fd38a00a28a78c4038","intersections":[],"contour":[[49,0],[49,38],[5,38],[0,37],[0,0]]},{"label":"chair","box":[75,136,18,25],"index":3,"rgb":"https://storage.googleapis.com/workflow-images-164391164398-dev/23-05-10_2deb1d1ba5514c2aa256f84bf85cd55a/rgb_3.png?X-Goog-Algorithm=GOOG4-RSA-SHA256&X-Goog-Credential=164391164398-compute%40developer.gserviceaccount.com%2F20230510%2Fauto%2Fstorage%2Fgoog4_request&X-Goog-Date=20230510T131553Z&X-Goog-Expires=900&X-Goog-SignedHeaders=host&X-Goog-Signature=4d1864faa14f5379a3057cd78044953dcc2a3f6b05729bfaca967786ee028a54313d5b94ef2e36c17299321360c1c55573a75e70faac1b7939160311bdc9630f1c626d3141b6c9cfdd250ba9ce3851a62ee6d87943a2671fc8ad57a07a10494dfdafd0b1a74bccc20343de2385dbda5c67f121ec7f099888650ade91cc2994744338f6717ec69ad6b942e88d03c892d25e918e816f718e3a1775de7139446a17629f805bf96e7def4da342ea4d4332fcdee7340c0c073851dd7297b3edb95594f3aea40e2f20cf6933f82a0ecba98f64ee482ca2059b06df8fafb89fed330fc9fc8dd812612592be230746f7feeb810766d0d9bbd79dc1921e233660de1b3f60","rgba":"https://storage.googleapis.com/workflow-images-164391164398-dev/23-05-10_2deb1d1ba5514c2aa256f84bf85cd55a/rgba_3.png?X-Goog-Algorithm=GOOG4-RSA-SHA256&X-Goog-Credential=164391164398-compute%40developer.gserviceaccount.com%2F20230510%2Fauto%2Fstorage%2Fgoog4_request&X-Goog-Date=20230510T131553Z&X-Goog-Expires=900&X-Goog-SignedHeaders=host&X-Goog-Signature=34f07e70e9ff4d66aed1d5e37c4be91171bff12e17409bb3d1d389e6ef38e69e997622f58846a8fc164ea7e522c82b1e38c4c8bfe31d1046f81ac05a0bcea3a21abc9a47750bc0db083fa2ef04a96d76510bc3befa4a289063c266e6fed628bf755883a1fed281df75b545c9745c2cff5e7d1a0e543fb0a266a9eaa727da2cd822fae9cf8f41f11843f633e2aef03e29fb6f918e82eb4cb34f8697405cbbb39e93e47bd71964933cb9dda4e0b4bad5c8a13855e5697913625f0911a5dbb7f112a3f54ca895d8085b15a398ac23bf8662705cd1e776e7132cf650d15a3ebec3516a9d027026b9c1e0081df873c79499e599d9ece9dd8063d57233584c73d4ea6c","intersections":[],"contour":[[17,0],[17,24],[0,24],[0,2],[1,0]]},{"label":"chair","box":[48,135,21,18],"index":4,"rgb":"https://storage.googleapis.com/workflow-images-164391164398-dev/23-05-10_2deb1d1ba5514c2aa256f84bf85cd55a/rgb_4.png?X-Goog-Algorithm=GOOG4-RSA-SHA256&X-Goog-Credential=164391164398-compute%40developer.gserviceaccount.com%2F20230510%2Fauto%2Fstorage%2Fgoog4_request&X-Goog-Date=20230510T131553Z&X-Goog-Expires=900&X-Goog-SignedHeaders=host&X-Goog-Signature=58072ba467987303a2a82049ea11b5e3fae66293fcf42f276ffcda9c9432e9a2576fff9fb0cc14d32a44e5959d7b9fa03f44cfb1d7ac759a4a894dc6721896163f5ed979d577b7f13e90db9af0f11b4617fb1d4600d8820a767955db9df1c608c552435b3b6a9252f54879e02320fac90a99b7d5b4185352b3ece2e98f4f07005793bc3026d99aee4643a7b8bae1cd81eae66f5f01eef159ebbd4089d94b8680480bbc41c9c6052c4c38fe4ea363761489024b1a116aa2f8891437d4a540b2f47beefe1e50441b22cf203fa06107a9ee1dac76fd2fee5c60c97e1f768276bb11856836b72c58f187850b2f400392a0b4f3d978ed667c2a5cffa10c71484ff485","rgba":"https://storage.googleapis.com/workflow-images-164391164398-dev/23-05-10_2deb1d1ba5514c2aa256f84bf85cd55a/rgba_4.png?X-Goog-Algorithm=GOOG4-RSA-SHA256&X-Goog-Credential=164391164398-compute%40developer.gserviceaccount.com%2F20230510%2Fauto%2Fstorage%2Fgoog4_request&X-Goog-Date=20230510T131553Z&X-Goog-Expires=900&X-Goog-SignedHeaders=host&X-Goog-Signature=89e1de609b83e234af77e6480e563c34877265471b8a22ffb8f99a68fb439787449938221be12e0bc4957ffba91c4b9a92bdb1f30edd92185e79e413a2f0301f3a8ee8c5000faa3677eefba89acef52a9d905dc260bc7435e32ec65be43753c5a795770989b2307043348ad444ac96c6ed9308204a50c165a360f9136a2ddc2e6cf49458a80721d8cc604fa9e0d0f4143a056605574ee1c146841c8ca1c2c1d052d51e02389e52e22cd2c675c068485baaeb08ddf739dadd599c572df1f0c936ae9c4ae5de3c893855eb78be2308e596d8344ca92d29573a7599addf10b3dcd37a283914a90ac9aab18255d0a5f13e81351459f09b1baee914c7146cab7d43d3","intersections":[[6,0]],"contour":[[19,0],[20,1],[20,17],[0,17],[0,0]]},{"label":"sofa","box":[103,150,190,100],"index":5,"rgb":"https://storage.googleapis.com/workflow-images-164391164398-dev/23-05-10_2deb1d1ba5514c2aa256f84bf85cd55a/rgb_5.png?X-Goog-Algorithm=GOOG4-RSA-SHA256&X-Goog-Credential=164391164398-compute%40developer.gserviceaccount.com%2F20230510%2Fauto%2Fstorage%2Fgoog4_request&X-Goog-Date=20230510T131553Z&X-Goog-Expires=900&X-Goog-SignedHeaders=host&X-Goog-Signature=2f5c0f13d749092e3106a75f10773e5780c2a7068ed7d83814e63cfcd5468667ff009e7b6008f2eacd0c43675b3820236aa1840436f14ad7f972cbcd1147e428b6171b049ce2bae569e1482639a846e16f46be7eda055851d6070e59a155547cdac6fc153bab63b4e6001fcb281cd303a4d906da4286a8ce936f51f1a0cbf61210dbfd30e1aca295c5500fa11095b08c1fc1b53bba71202aa5c446422228643c168f0d3f775f1cb4fcb3b8f4c99bd1eacb300b6688753193e969e7b9f08937e2a1b3e217de4ed190f84642bcdd7748ce2f8c966a27da92f457e209636d4061ae93cc7b15a2c58e95d853663573d088657afc74bb27d3e89d9a2edebc5e3e2025","rgba":"https://storage.googleapis.com/workflow-images-164391164398-dev/23-05-10_2deb1d1ba5514c2aa256f84bf85cd55a/rgba_5.png?X-Goog-Algorithm=GOOG4-RSA-SHA256&X-Goog-Credential=164391164398-compute%40developer.gserviceaccount.com%2F20230510%2Fauto%2Fstorage%2Fgoog4_request&X-Goog-Date=20230510T131553Z&X-Goog-Expires=900&X-Goog-SignedHeaders=host&X-Goog-Signature=1ca0218641ab0c216480df1bc5c490c185a3399fc9cc1e4ac2f34251bb77ab78fb8635d73e485a6e9843dcfa8f79b1f1d7a8b74a68f91415aa451739a009b06f5a9b01a342977b183476350d40ce578fbb5c51f87def90bbf8bfa7e9c63979d7a4ff9ccce2928af1ded480d3ea5fd879b934cc5bd4c83ee7ac34b9617226549522220a00118082ef3144cc5e2c3db430b8e65445d1ddafb05cfa0438cfea13332e51d3836620f89e8d63d9e1bba479650d9697834b6ded9b6fa3567cd4ba624a341f6e1543f8bbdacc9436f62072c9fa9c776f39badc249e883dc2bcee2b505eddd0c028ec19ca7384df2f6b44bb05a49e08eb978d88192c320c1086dc7997f6","intersections":[],"contour":[[32,0],[82,5],[170,26],[174,27],[181,29],[187,31],[189,32],[189,59],[187,61],[111,99],[77,99],[65,90],[56,83],[50,78],[0,32],[0,11],[1,5],[4,1],[5,0]]},{"label":"desk","box":[0,146,98,104],"index":6,"rgb":"https://storage.googleapis.com/workflow-images-164391164398-dev/23-05-10_2deb1d1ba5514c2aa256f84bf85cd55a/rgb_6.png?X-Goog-Algorithm=GOOG4-RSA-SHA256&X-Goog-Credential=164391164398-compute%40developer.gserviceaccount.com%2F20230510%2Fauto%2Fstorage%2Fgoog4_request&X-Goog-Date=20230510T131553Z&X-Goog-Expires=900&X-Goog-SignedHeaders=host&X-Goog-Signature=22a5b25a10c1d69f7dbe9f4f5a109994a40826abcacfd5de9438a9217637f4c11463f2cde8943b67484401cf1e8a79d5ca7a198bd29993f8f98fa12f92e255e2ead1d03893d777ec6330924d75b283fc9f236f995fc233c09a0cd4a69a135035992a544bcffe16e7cb65f1e4b20a2aa10a40c0367f0141c5efbdfddad86df2ac6c1c39a24d7f0e9d8432841e449add13e0fb09d63e0d7ddfdef48623b45b723ccdc5dbad464ac076e96f42d45660d54627c4b175268216d6ed286fc76b5f97216d8ae176dae5185f7abbb6de51d96a9b0b3c2aac834d077d7f267a157b12e11b86fcabe27429e8b6cedfe28c2ff4e8b939cb98707c924eb4a9f4e30b211dda55","rgba":"https://storage.googleapis.com/workflow-images-164391164398-dev/23-05-10_2deb1d1ba5514c2aa256f84bf85cd55a/rgba_6.png?X-Goog-Algorithm=GOOG4-RSA-SHA256&X-Goog-Credential=164391164398-compute%40developer.gserviceaccount.com%2F20230510%2Fauto%2Fstorage%2Fgoog4_request&X-Goog-Date=20230510T131553Z&X-Goog-Expires=900&X-Goog-SignedHeaders=host&X-Goog-Signature=9db7dcd53608a530e6d3585bae68328c0c4efeaa6bb03bc677e17c1a53671d42530d73c21f14989f67fea181b69758f002f5b8cc77ae7af9921e224ca4a4ca6d69357b4d87c32d95b2d8bbc79c8f35d0a061e196e3c4e12de79326e89175662668bb26e56c5ed204857f453154d322d1772a086077bb4691ab3c1ca9ebb8506b1ff34375d3c04708b3ada0bceb2bb84a2af45fe41d4c69c288573530a88892154ab0824a661f3ed74d0f8873a1f3be17f4f96f6490a706aa9ff3d49dfaf99edd2dd99431cc0c106cec6edd070ff706eabec08513396e289938379af419bcba676c294f51729845057e715819c42f37217f3e23a38156ed14d892d97f02ef0bca","intersections":[[4,1]],"contour":[[61,0],[63,1],[70,6],[96,27],[97,28],[97,54],[77,90],[67,103],[0,103],[0,0]]},{"label":"column","box":[364,0,11,250],"index":7,"rgb":"https://storage.googleapis.com/workflow-images-164391164398-dev/23-05-10_2deb1d1ba5514c2aa256f84bf85cd55a/rgb_7.png?X-Goog-Algorithm=GOOG4-RSA-SHA256&X-Goog-Credential=164391164398-compute%40developer.gserviceaccount.com%2F20230510%2Fauto%2Fstorage%2Fgoog4_request&X-Goog-Date=20230510T131553Z&X-Goog-Expires=900&X-Goog-SignedHeaders=host&X-Goog-Signature=6d492cf4d4abeb65f8b1886289147f0a7932b097818e0ce1b01d07a484c4875cef7a9e728b925e384dd8bd17061d477cf7db37bec4deb41e7119b75f474111c71ece74f8185b69f5907241cc2cd36a809368b560366d2309512ae93c088c33852916c25d00206dab452f77b129716c4b6e3d49b2363033b2911c71ac9f30c87507b929159cb99761efee4b4d1d03a4f900bb643b4ec9a350b9a011279affdf8d3aeef10395a8879aab346f3fedccdf9ed6f1852d75a1f4e0c8fd2d950f2b728cd48d68d84d215a8a5fd39939994595c062da8dedc1fdd6fd19f8323b718aa562c331ef30e8e38f4137018eda806d69997b73bb1bc2726b8397d64fe40bdf8e4c","rgba":"https://storage.googleapis.com/workflow-images-164391164398-dev/23-05-10_2deb1d1ba5514c2aa256f84bf85cd55a/rgba_7.png?X-Goog-Algorithm=GOOG4-RSA-SHA256&X-Goog-Credential=164391164398-compute%40developer.gserviceaccount.com%2F20230510%2Fauto%2Fstorage%2Fgoog4_request&X-Goog-Date=20230510T131553Z&X-Goog-Expires=900&X-Goog-SignedHeaders=host&X-Goog-Signature=6e498d6d3fed9c0cd78a20f05e4ddfd7355392c3a1d638ab4a0795bdf49ab2413ccf31a7e8e29f0d107b4dbb32b2792568134c263ee801137b367146c5b2fc2b05c6a9b37d88da01d704a98df53a0c77ee811168d274e8c2b9d5c81d4e29c1dae8fb6d70272f2881dc0d8f6e1fb11ad202eeba9872055a320e5adfd9799f7875f18e7c10af45db37eecf626106400b03f3134321e420cd9a2bf7374aa406fdc25c9809b6c60b908c1f3a4a64e3affe7b8418b8a018e7e23f7e4422f4cab6873d99a8bdf5a2fda0ff57b4dd2664f570d3f02da1f6d5dda0504cb3207a10e24cf710d8fac21dfdac8a7290f8f447e2aada3649a066eb81ea8f945b76dcb3b0af5e","intersections":[],"contour":[[10,0],[10,249],[0,249],[0,0]]}],"times":{"Depth":"0.00","OneFormer":"1.56","MainLaMA":"0.00","Intersections":"0.00","CropsLaMA":"0.64"}}}
{"level":"TRACE","time":1683724553803,"pid":20345,"hostname":"m1","direction":"Response Express to Nuxt","status":200,"body":"stream from AI response data"}
